<?xml version="1.0" encoding="UTF-8"?>
<!-- Generated by org.testng.reporters.JUnitReportReporter -->
<testsuite hostname="DESKTOP-A666GKP" failures="0" tests="1" name="proj.newpage" time="0.036" errors="0" timestamp="2023-11-06T21:49:47 IST" skipped="0">
  <testcase classname="proj.newpage" name="page" time="0.036"/>
  <system-out/>
</testsuite> <!-- proj.newpage -->
